<?xml version="1.0" encoding="UTF-8"?>
<testng-results ignored="0" total="1" passed="1" failed="0" skipped="0">
  <reporter-output>
  </reporter-output>
  <suite started-at="2023-03-21T21:09:52 IST" name="Suite" finished-at="2023-03-21T21:10:00 IST" duration-ms="8216">
    <groups>
    </groups>
    <test started-at="2023-03-21T21:09:52 IST" name="OneJN Login Test" finished-at="2023-03-21T21:10:00 IST" duration-ms="8216">
      <class name="testcases.LoginOneJN">
        <test-method is-config="true" signature="setUp()[pri:0, instance:testcases.LoginOneJN@42a9a63e]" started-at="2023-03-21T21:09:40 IST" name="setUp" finished-at="2023-03-21T21:09:52 IST" duration-ms="11739" status="PASS">
          <reporter-output>
          </reporter-output>
        </test-method> <!-- setUp -->
        <test-method signature="OneJN_TC1(java.lang.String,java.lang.String)[pri:0, instance:testcases.LoginOneJN@42a9a63e]" started-at="2023-03-21T21:09:52 IST" name="OneJN_TC1" data-provider="dp1" finished-at="2023-03-21T21:10:00 IST" duration-ms="8157" status="PASS">
          <params>
            <param index="0">
              <value>
                <![CDATA[chanelle012]]>
              </value>
            </param>
            <param index="1">
              <value>
                <![CDATA[Password@123]]>
              </value>
            </param>
          </params>
          <reporter-output>
          </reporter-output>
        </test-method> <!-- OneJN_TC1 -->
        <test-method is-config="true" signature="tearDown()[pri:0, instance:testcases.LoginOneJN@42a9a63e]" started-at="2023-03-21T21:10:01 IST" name="tearDown" finished-at="2023-03-21T21:10:02 IST" duration-ms="463" status="PASS">
          <reporter-output>
          </reporter-output>
        </test-method> <!-- tearDown -->
      </class> <!-- testcases.LoginOneJN -->
    </test> <!-- OneJN Login Test -->
  </suite> <!-- Suite -->
</testng-results>
